#
# There is insufficient memory for the Java Runtime Environment to continue.
# Native memory allocation (malloc) failed to allocate 2097152 bytes for AllocateHeap
# Possible reasons:
#   The system is out of physical RAM or swap space
#   The process is running with CompressedOops enabled, and the Java Heap may be blocking the growth of the native heap
# Possible solutions:
#   Reduce memory load on the system
#   Increase physical memory or swap space
#   Check if swap backing store is full
#   Decrease Java heap size (-Xmx/-Xms)
#   Decrease number of Java threads
#   Decrease Java thread stack sizes (-Xss)
#   Set larger code cache with -XX:ReservedCodeCacheSize=
#   JVM is running with Unscaled Compressed Oops mode in which the Java heap is
#     placed in the first 4GB address space. The Java Heap base address is the
#     maximum limit for the native heap growth. Please use -XX:HeapBaseMinAddress
#     to set the Java Heap base and to place the Java Heap above 4GB virtual address.
# This output file may be truncated or incomplete.
#
#  Out of Memory Error (allocation.cpp:44), pid=20840, tid=2544
#
# JRE version: OpenJDK Runtime Environment Temurin-17.0.4.1+1 (17.0.4.1+1) (build 17.0.4.1+1)
# Java VM: OpenJDK 64-Bit Server VM Temurin-17.0.4.1+1 (17.0.4.1+1, mixed mode, emulated-client, tiered, compressed oops, compressed class ptrs, g1 gc, windows-amd64)
# No core dump will be written. Minidumps are not enabled by default on client versions of Windows
#

---------------  S U M M A R Y ------------

Command Line: -Dsts.lsp.client=vscode -Dsts.log.file=/dev/null -XX:TieredStopAtLevel=1 -Xlog:jni+resolve=off -Dspring.config.location=file:c:\Users\user\.vscode\extensions\pivotal.vscode-spring-boot-1.39.0\language-server\BOOT-INF\classes\application.properties org.springframework.ide.vscode.boot.app.BootLanguageServerBootApp

Host: Intel(R) Core(TM) i7-3770 CPU @ 3.40GHz, 8 cores, 7G,  Windows 10 , 64 bit Build 17763 (10.0.17763.1)
Time: Wed Oct 26 12:53:03 2022 SE Asia Standard Time elapsed time: 54050.525001 seconds (0d 15h 0m 50s)

---------------  T H R E A D  ---------------

Current thread (0x00000254e1a06350):  VMThread "VM Thread" [stack: 0x000000691d900000,0x000000691da00000] [id=2544]

Stack: [0x000000691d900000,0x000000691da00000]
Native frames: (J=compiled Java code, j=interpreted, Vv=VM code, C=native code)
V  [jvm.dll+0x67731a]
V  [jvm.dll+0x832284]
V  [jvm.dll+0x833a2e]
V  [jvm.dll+0x834093]
V  [jvm.dll+0x245775]
V  [jvm.dll+0xa6393]
V  [jvm.dll+0x2f59c1]
V  [jvm.dll+0x2f1640]
V  [jvm.dll+0x2d9d27]
V  [jvm.dll+0x31ce37]
V  [jvm.dll+0x83853b]
V  [jvm.dll+0x839274]
V  [jvm.dll+0x83978c]
V  [jvm.dll+0x839b64]
V  [jvm.dll+0x839c30]
V  [jvm.dll+0x7e240a]
V  [jvm.dll+0x6761a5]
C  [ucrtbase.dll+0x203ba]
C  [KERNEL32.DLL+0x17e94]
C  [ntdll.dll+0x67ad1]

VM_Operation (0x00000069200fef50): G1CollectFull, mode: safepoint, requested by thread 0x00000254e4619a60


---------------  P R O C E S S  ---------------

Threads class SMR info:
_java_thread_list=0x00000254e2dd8f10, length=24, elements={
0x00000254e1a1fda0, 0x00000254e1a21080, 0x00000254e24201e0, 0x00000254e2420d60,
0x00000254e2422a50, 0x00000254e242cb50, 0x00000254e2434d80, 0x00000254e2455ed0,
0x00000254e265d500, 0x00000254e19e4860, 0x00000254e3cef080, 0x00000254e4619a60,
0x00000254e461b740, 0x00000254e461c5b0, 0x00000254e4618bf0, 0x00000254e461ada0,
0x00000254e46190c0, 0x00000254e62cc280, 0x00000254e62d1450, 0x00000254e62d1920,
0x00000254e62cf2a0, 0x00000254e62d05e0, 0x00000254e62cfc40, 0x00000254e62ccc20
}

Java Threads: ( => current thread )
  0x00000254e1a1fda0 JavaThread "Reference Handler" daemon [_thread_blocked, id=9092, stack(0x000000691da00000,0x000000691db00000)]
  0x00000254e1a21080 JavaThread "Finalizer" daemon [_thread_blocked, id=21620, stack(0x000000691db00000,0x000000691dc00000)]
  0x00000254e24201e0 JavaThread "Signal Dispatcher" daemon [_thread_blocked, id=18256, stack(0x000000691dc00000,0x000000691dd00000)]
  0x00000254e2420d60 JavaThread "Attach Listener" daemon [_thread_blocked, id=14968, stack(0x000000691dd00000,0x000000691de00000)]
  0x00000254e2422a50 JavaThread "Service Thread" daemon [_thread_blocked, id=1824, stack(0x000000691de00000,0x000000691df00000)]
  0x00000254e242cb50 JavaThread "Monitor Deflation Thread" daemon [_thread_blocked, id=16084, stack(0x000000691df00000,0x000000691e000000)]
  0x00000254e2434d80 JavaThread "C1 CompilerThread0" daemon [_thread_blocked, id=6096, stack(0x000000691e000000,0x000000691e100000)]
  0x00000254e2455ed0 JavaThread "Sweeper thread" daemon [_thread_blocked, id=13956, stack(0x000000691e100000,0x000000691e200000)]
  0x00000254e265d500 JavaThread "Notification Thread" daemon [_thread_blocked, id=19540, stack(0x000000691e300000,0x000000691e400000)]
  0x00000254e19e4860 JavaThread "Common-Cleaner" daemon [_thread_blocked, id=12416, stack(0x000000691e500000,0x000000691e600000)]
  0x00000254e3cef080 JavaThread "boundedElastic-evictor-1" daemon [_thread_blocked, id=11516, stack(0x000000691ed00000,0x000000691ee00000)]
  0x00000254e4619a60 JavaThread "pool-9-thread-1" [_thread_blocked, id=1644, stack(0x0000006920000000,0x0000006920100000)]
  0x00000254e461b740 JavaThread "LanguageServerApp-lifecycle" [_thread_blocked, id=17128, stack(0x0000006920100000,0x0000006920200000)]
  0x00000254e461c5b0 JavaThread "DestroyJavaVM" [_thread_blocked, id=6436, stack(0x000000691d300000,0x000000691d400000)]
  0x00000254e4618bf0 JavaThread "pool-10-thread-1" [_thread_in_native, id=15768, stack(0x0000006920500000,0x0000006920600000)]
  0x00000254e461ada0 JavaThread "Simple-Language-Server main thread" daemon [_thread_blocked, id=12896, stack(0x0000006920600000,0x0000006920700000)]
  0x00000254e46190c0 JavaThread "pool-7-thread-1" [_thread_blocked, id=1264, stack(0x0000006920700000,0x0000006920800000)]
  0x00000254e62cc280 JavaThread "parallel-1" daemon [_thread_blocked, id=10088, stack(0x0000006920800000,0x0000006920900000)]
  0x00000254e62d1450 JavaThread "parallel-2" daemon [_thread_blocked, id=16268, stack(0x0000006920900000,0x0000006920a00000)]
  0x00000254e62d1920 JavaThread "Reconciler-1" daemon [_thread_blocked, id=16816, stack(0x0000006920a00000,0x0000006920b00000)]
  0x00000254e62cf2a0 JavaThread "parallel-3" daemon [_thread_blocked, id=3940, stack(0x0000006920b00000,0x0000006920c00000)]
  0x00000254e62d05e0 JavaThread "pool-5-thread-1" [_thread_blocked, id=3844, stack(0x0000006920f00000,0x0000006921000000)]
  0x00000254e62cfc40 JavaThread "parallel-4" daemon [_thread_blocked, id=5540, stack(0x0000006921000000,0x0000006921100000)]
  0x00000254e62ccc20 JavaThread "parallel-5" daemon [_thread_blocked, id=13852, stack(0x0000006921100000,0x0000006921200000)]

Other Threads:
=>0x00000254e1a06350 VMThread "VM Thread" [stack: 0x000000691d900000,0x000000691da00000] [id=2544]
  0x00000254e265d9d0 WatcherThread [stack: 0x000000691e400000,0x000000691e500000] [id=20600]
  0x00000254d46b7560 GCTaskThread "GC Thread#0" [stack: 0x000000691d400000,0x000000691d500000] [id=11920]
  0x00000254e2486c50 GCTaskThread "GC Thread#1" [stack: 0x000000691e800000,0x000000691e900000] [id=11256]
  0x00000254e25b5020 GCTaskThread "GC Thread#2" [stack: 0x000000691e900000,0x000000691ea00000] [id=13048]
  0x00000254e2481820 GCTaskThread "GC Thread#3" [stack: 0x000000691ea00000,0x000000691eb00000] [id=20872]
  0x00000254e2cc17a0 GCTaskThread "GC Thread#4" [stack: 0x000000691eb00000,0x000000691ec00000] [id=19328]
  0x00000254e2cc1a50 GCTaskThread "GC Thread#5" [stack: 0x000000691ec00000,0x000000691ed00000] [id=19304]
  0x00000254e3cf30f0 GCTaskThread "GC Thread#6" [stack: 0x000000691ee00000,0x000000691ef00000] [id=7944]
  0x00000254e3cf33a0 GCTaskThread "GC Thread#7" [stack: 0x000000691ef00000,0x000000691f000000] [id=9800]
  0x00000254d46c82b0 ConcurrentGCThread "G1 Main Marker" [stack: 0x000000691d500000,0x000000691d600000] [id=6528]
  0x00000254d46cb7b0 ConcurrentGCThread "G1 Conc#0" [stack: 0x000000691d600000,0x000000691d700000] [id=3068]
  0x00000254e3fab6e0 ConcurrentGCThread "G1 Conc#1" [stack: 0x000000691f000000,0x000000691f100000] [id=15240]
  0x00000254d471e940 ConcurrentGCThread "G1 Refine#0" [stack: 0x000000691d700000,0x000000691d800000] [id=9544]
  0x00000254e4bcd580 ConcurrentGCThread "G1 Refine#1" [stack: 0x0000006920200000,0x0000006920300000] [id=17708]
  0x00000254e46f9d60 ConcurrentGCThread "G1 Refine#2" [stack: 0x0000006920300000,0x0000006920400000] [id=21292]
  0x00000254e45da020 ConcurrentGCThread "G1 Refine#3" [stack: 0x0000006920400000,0x0000006920500000] [id=11828]
  0x00000254e4417b80 ConcurrentGCThread "G1 Refine#4" [stack: 0x0000006921200000,0x0000006921300000] [id=17384]
  0x00000254e4418420 ConcurrentGCThread "G1 Refine#5" [stack: 0x0000006921300000,0x0000006921400000] [id=8132]
  0x00000254e40f3ac0 ConcurrentGCThread "G1 Refine#6" [stack: 0x0000006921400000,0x0000006921500000] [id=5340]
  0x00000254e18784e0 ConcurrentGCThread "G1 Service" [stack: 0x000000691d800000,0x000000691d900000] [id=3108]

Threads with active compile tasks:

VM state: at safepoint (normal execution)

VM Mutex/Monitor currently owned by a thread:  ([mutex/lock_event])
[0x00000254d242ba50] Threads_lock - owner thread: 0x00000254e1a06350
[0x00000254d465a040] Heap_lock - owner thread: 0x00000254e4619a60

Heap address: 0x0000000080800000, size: 2040 MB, Compressed Oops mode: 32-bit

CDS archive(s) not mapped
Compressed class space mapped at: 0x0000000100000000-0x0000000140000000, reserved size: 1073741824
Narrow klass base: 0x0000000000000000, Narrow klass shift: 3, Narrow klass range: 0x140000000

GC Precious Log:
 CPUs: 8 total, 8 available
 Memory: 8157M
 Large Page Support: Disabled
 NUMA Support: Disabled
 Compressed Oops: Enabled (32-bit)
 Heap Region Size: 1M
 Heap Min Capacity: 8M
 Heap Initial Capacity: 128M
 Heap Max Capacity: 2040M
 Pre-touch: Disabled
 Parallel Workers: 8
 Concurrent Workers: 2
 Concurrent Refinement Workers: 8
 Periodic GC: Disabled

Heap:
 garbage-first heap   total 126976K, used 36948K [0x0000000080800000, 0x0000000100000000)
  region size 1024K, 1 young (1024K), 0 survivors (0K)
 Metaspace       used 52935K, committed 53440K, reserved 1097728K
  class space    used 6980K, committed 7232K, reserved 1048576K

Heap Regions: E=young(eden), S=young(survivor), O=old, HS=humongous(starts), HC=humongous(continues), CS=collection set, F=free, OA=open archive, CA=closed archive, TAMS=top-at-mark-start (previous, next)
|   0|0x0000000080800000, 0x0000000080900000, 0x0000000080900000|100%| O|  |TAMS 0x0000000080900000, 0x0000000080800000| Untracked 
|   1|0x0000000080900000, 0x00000000809ffff0, 0x0000000080a00000| 99%| O|  |TAMS 0x00000000809ffff0, 0x0000000080900000| Untracked 
|   2|0x0000000080a00000, 0x0000000080b00000, 0x0000000080b00000|100%| O|  |TAMS 0x0000000080b00000, 0x0000000080a00000| Untracked 
|   3|0x0000000080b00000, 0x0000000080c00000, 0x0000000080c00000|100%| O|  |TAMS 0x0000000080c00000, 0x0000000080b00000| Untracked 
|   4|0x0000000080c00000, 0x0000000080cffff0, 0x0000000080d00000| 99%| O|  |TAMS 0x0000000080cffff0, 0x0000000080c00000| Untracked 
|   5|0x0000000080d00000, 0x0000000080e00000, 0x0000000080e00000|100%| O|  |TAMS 0x0000000080e00000, 0x0000000080d00000| Untracked 
|   6|0x0000000080e00000, 0x0000000080f00000, 0x0000000080f00000|100%| O|  |TAMS 0x0000000080f00000, 0x0000000080e00000| Untracked 
|   7|0x0000000080f00000, 0x0000000081000000, 0x0000000081000000|100%| O|  |TAMS 0x0000000081000000, 0x0000000080f00000| Untracked 
|   8|0x0000000081000000, 0x00000000810fff98, 0x0000000081100000| 99%| O|  |TAMS 0x00000000810fff98, 0x0000000081000000| Untracked 
|   9|0x0000000081100000, 0x00000000811fffd8, 0x0000000081200000| 99%| O|  |TAMS 0x00000000811fffd8, 0x0000000081100000| Untracked 
|  10|0x0000000081200000, 0x00000000812fffe8, 0x0000000081300000| 99%| O|  |TAMS 0x00000000812fffe8, 0x0000000081200000| Untracked 
|  11|0x0000000081300000, 0x0000000081400000, 0x0000000081400000|100%| O|  |TAMS 0x0000000081400000, 0x0000000081300000| Untracked 
|  12|0x0000000081400000, 0x00000000814fffe8, 0x0000000081500000| 99%| O|  |TAMS 0x00000000814fffe8, 0x0000000081400000| Untracked 
|  13|0x0000000081500000, 0x00000000815f6eb0, 0x0000000081600000| 96%| O|  |TAMS 0x00000000815f6eb0, 0x0000000081500000| Untracked 
|  14|0x0000000081600000, 0x00000000816fff10, 0x0000000081700000| 99%| O|  |TAMS 0x00000000816fff10, 0x0000000081600000| Untracked 
|  15|0x0000000081700000, 0x00000000817ff238, 0x0000000081800000| 99%| O|  |TAMS 0x00000000817ff238, 0x0000000081700000| Untracked 
|  16|0x0000000081800000, 0x00000000818ffff0, 0x0000000081900000| 99%| O|  |TAMS 0x00000000818ffff0, 0x0000000081800000| Untracked 
|  17|0x0000000081900000, 0x00000000819ffff8, 0x0000000081a00000| 99%| O|  |TAMS 0x00000000819ffff8, 0x0000000081900000| Untracked 
|  18|0x0000000081a00000, 0x0000000081afffe8, 0x0000000081b00000| 99%| O|  |TAMS 0x0000000081afffe8, 0x0000000081a00000| Untracked 
|  19|0x0000000081b00000, 0x0000000081bfe268, 0x0000000081c00000| 99%| O|  |TAMS 0x0000000081bfe268, 0x0000000081b00000| Untracked 
|  20|0x0000000081c00000, 0x0000000081cffff0, 0x0000000081d00000| 99%| O|  |TAMS 0x0000000081cffff0, 0x0000000081c00000| Untracked 
|  21|0x0000000081d00000, 0x0000000081dfffc0, 0x0000000081e00000| 99%| O|  |TAMS 0x0000000081dfffc0, 0x0000000081d00000| Untracked 
|  22|0x0000000081e00000, 0x0000000081efc218, 0x0000000081f00000| 98%| O|  |TAMS 0x0000000081efc218, 0x0000000081e00000| Untracked 
|  23|0x0000000081f00000, 0x0000000081ffffd8, 0x0000000082000000| 99%| O|  |TAMS 0x0000000081ffffd8, 0x0000000081f00000| Untracked 
|  24|0x0000000082000000, 0x00000000820ffff8, 0x0000000082100000| 99%| O|  |TAMS 0x00000000820ffff8, 0x0000000082000000| Untracked 
|  25|0x0000000082100000, 0x0000000082200000, 0x0000000082200000|100%| O|  |TAMS 0x0000000082200000, 0x0000000082100000| Untracked 
|  26|0x0000000082200000, 0x00000000822fffd8, 0x0000000082300000| 99%| O|  |TAMS 0x00000000822fffd8, 0x0000000082200000| Untracked 
|  27|0x0000000082300000, 0x00000000823fea08, 0x0000000082400000| 99%| O|  |TAMS 0x00000000823fea08, 0x0000000082300000| Untracked 
|  28|0x0000000082400000, 0x00000000824ffff8, 0x0000000082500000| 99%| O|  |TAMS 0x00000000824ffff8, 0x0000000082400000| Untracked 
|  29|0x0000000082500000, 0x00000000825ffff8, 0x0000000082600000| 99%| O|  |TAMS 0x00000000825ffff8, 0x0000000082500000| Untracked 
|  30|0x0000000082600000, 0x00000000826b6330, 0x0000000082700000| 71%| O|  |TAMS 0x0000000082600000, 0x0000000082600000| Untracked 
|  31|0x0000000082700000, 0x0000000082770370, 0x0000000082800000| 43%| O|  |TAMS 0x0000000082700000, 0x0000000082700000| Untracked 
|  32|0x0000000082800000, 0x0000000082900000, 0x0000000082900000|100%| O|  |TAMS 0x0000000082900000, 0x0000000082800000| Untracked 
|  33|0x0000000082900000, 0x0000000082900000, 0x0000000082a00000|  0%| F|  |TAMS 0x0000000082900000, 0x0000000082900000| Untracked 
|  34|0x0000000082a00000, 0x0000000082a00000, 0x0000000082b00000|  0%| F|  |TAMS 0x0000000082a00000, 0x0000000082a00000| Untracked 
|  35|0x0000000082b00000, 0x0000000082b00000, 0x0000000082c00000|  0%| F|  |TAMS 0x0000000082b00000, 0x0000000082b00000| Untracked 
|  36|0x0000000082c00000, 0x0000000082c00000, 0x0000000082d00000|  0%| F|  |TAMS 0x0000000082c00000, 0x0000000082c00000| Untracked 
|  37|0x0000000082d00000, 0x0000000082d00000, 0x0000000082e00000|  0%| F|  |TAMS 0x0000000082d00000, 0x0000000082d00000| Untracked 
|  38|0x0000000082e00000, 0x0000000082e00000, 0x0000000082f00000|  0%| F|  |TAMS 0x0000000082e00000, 0x0000000082e00000| Untracked 
|  39|0x0000000082f00000, 0x0000000082f00000, 0x0000000083000000|  0%| F|  |TAMS 0x0000000082f00000, 0x0000000082f00000| Untracked 
|  40|0x0000000083000000, 0x0000000083000000, 0x0000000083100000|  0%| F|  |TAMS 0x0000000083000000, 0x0000000083000000| Untracked 
|  41|0x0000000083100000, 0x0000000083100000, 0x0000000083200000|  0%| F|  |TAMS 0x0000000083100000, 0x0000000083100000| Untracked 
|  42|0x0000000083200000, 0x0000000083200000, 0x0000000083300000|  0%| F|  |TAMS 0x0000000083200000, 0x0000000083200000| Untracked 
|  43|0x0000000083300000, 0x0000000083300000, 0x0000000083400000|  0%| F|  |TAMS 0x0000000083300000, 0x0000000083300000| Untracked 
|  44|0x0000000083400000, 0x0000000083400000, 0x0000000083500000|  0%| F|  |TAMS 0x0000000083400000, 0x0000000083400000| Untracked 
|  45|0x0000000083500000, 0x0000000083500000, 0x0000000083600000|  0%| F|  |TAMS 0x0000000083500000, 0x0000000083500000| Untracked 
|  46|0x0000000083600000, 0x0000000083600000, 0x0000000083700000|  0%| F|  |TAMS 0x0000000083600000, 0x0000000083600000| Untracked 
|  47|0x0000000083700000, 0x0000000083700000, 0x0000000083800000|  0%| F|  |TAMS 0x0000000083700000, 0x0000000083700000| Untracked 
|  48|0x0000000083800000, 0x0000000083800000, 0x0000000083900000|  0%| F|  |TAMS 0x0000000083800000, 0x0000000083800000| Untracked 
|  49|0x0000000083900000, 0x0000000083900000, 0x0000000083a00000|  0%| F|  |TAMS 0x0000000083900000, 0x0000000083900000| Untracked 
|  50|0x0000000083a00000, 0x0000000083a00000, 0x0000000083b00000|  0%| F|  |TAMS 0x0000000083a00000, 0x0000000083a00000| Untracked 
|  51|0x0000000083b00000, 0x0000000083b00000, 0x0000000083c00000|  0%| F|  |TAMS 0x0000000083b00000, 0x0000000083b00000| Untracked 
|  52|0x0000000083c00000, 0x0000000083c00000, 0x0000000083d00000|  0%| F|  |TAMS 0x0000000083c00000, 0x0000000083c00000| Untracked 
|  53|0x0000000083d00000, 0x0000000083d00000, 0x0000000083e00000|  0%| F|  |TAMS 0x0000000083d00000, 0x0000000083d00000| Untracked 
|  54|0x0000000083e00000, 0x0000000083e00000, 0x0000000083f00000|  0%| F|  |TAMS 0x0000000083e00000, 0x0000000083e00000| Untracked 
|  55|0x0000000083f00000, 0x0000000083f00000, 0x0000000084000000|  0%| F|  |TAMS 0x0000000083f00000, 0x0000000083f00000| Untracked 
|  56|0x0000000084000000, 0x0000000084000000, 0x0000000084100000|  0%| F|  |TAMS 0x0000000084000000, 0x0000000084000000| Untracked 
|  57|0x0000000084100000, 0x0000000084100000, 0x0000000084200000|  0%| F|  |TAMS 0x0000000084100000, 0x0000000084100000| Untracked 
|  58|0x0000000084200000, 0x0000000084200000, 0x0000000084300000|  0%| F|  |TAMS 0x0000000084200000, 0x0000000084200000| Untracked 
|  59|0x0000000084300000, 0x0000000084300000, 0x0000000084400000|  0%| F|  |TAMS 0x0000000084300000, 0x0000000084300000| Untracked 
|  60|0x0000000084400000, 0x0000000084400000, 0x0000000084500000|  0%| F|  |TAMS 0x0000000084400000, 0x0000000084400000| Untracked 
|  61|0x0000000084500000, 0x0000000084500000, 0x0000000084600000|  0%| F|  |TAMS 0x0000000084500000, 0x0000000084500000| Untracked 
|  62|0x0000000084600000, 0x0000000084600000, 0x0000000084700000|  0%| F|  |TAMS 0x0000000084600000, 0x0000000084600000| Untracked 
|  63|0x0000000084700000, 0x0000000084700000, 0x0000000084800000|  0%| F|  |TAMS 0x0000000084700000, 0x0000000084700000| Untracked 
|  64|0x0000000084800000, 0x0000000084800000, 0x0000000084900000|  0%| F|  |TAMS 0x0000000084800000, 0x0000000084800000| Untracked 
|  65|0x0000000084900000, 0x0000000084900000, 0x0000000084a00000|  0%| F|  |TAMS 0x0000000084900000, 0x0000000084900000| Untracked 
|  66|0x0000000084a00000, 0x0000000084a00000, 0x0000000084b00000|  0%| F|  |TAMS 0x0000000084a00000, 0x0000000084a00000| Untracked 
|  67|0x0000000084b00000, 0x0000000084b00000, 0x0000000084c00000|  0%| F|  |TAMS 0x0000000084b00000, 0x0000000084b00000| Untracked 
|  68|0x0000000084c00000, 0x0000000084c00000, 0x0000000084d00000|  0%| F|  |TAMS 0x0000000084c00000, 0x0000000084c00000| Untracked 
|  69|0x0000000084d00000, 0x0000000084d00000, 0x0000000084e00000|  0%| F|  |TAMS 0x0000000084d00000, 0x0000000084d00000| Untracked 
|  70|0x0000000084e00000, 0x0000000084e00000, 0x0000000084f00000|  0%| F|  |TAMS 0x0000000084e00000, 0x0000000084e00000| Untracked 
|  71|0x0000000084f00000, 0x0000000084f00000, 0x0000000085000000|  0%| F|  |TAMS 0x0000000084f00000, 0x0000000084f00000| Untracked 
|  72|0x0000000085000000, 0x0000000085000000, 0x0000000085100000|  0%| F|  |TAMS 0x0000000085000000, 0x0000000085000000| Untracked 
|  73|0x0000000085100000, 0x0000000085100000, 0x0000000085200000|  0%| F|  |TAMS 0x0000000085100000, 0x0000000085100000| Untracked 
|  74|0x0000000085200000, 0x0000000085200000, 0x0000000085300000|  0%| F|  |TAMS 0x0000000085200000, 0x0000000085200000| Untracked 
|  75|0x0000000085300000, 0x0000000085300000, 0x0000000085400000|  0%| F|  |TAMS 0x0000000085300000, 0x0000000085300000| Untracked 
|  76|0x0000000085400000, 0x0000000085400000, 0x0000000085500000|  0%| F|  |TAMS 0x0000000085400000, 0x0000000085400000| Untracked 
|  77|0x0000000085500000, 0x0000000085500000, 0x0000000085600000|  0%| F|  |TAMS 0x0000000085500000, 0x0000000085500000| Untracked 
|  78|0x0000000085600000, 0x0000000085600000, 0x0000000085700000|  0%| F|  |TAMS 0x0000000085600000, 0x0000000085600000| Untracked 
|  79|0x0000000085700000, 0x0000000085700000, 0x0000000085800000|  0%| F|  |TAMS 0x0000000085700000, 0x0000000085700000| Untracked 
|  80|0x0000000085800000, 0x0000000085800000, 0x0000000085900000|  0%| F|  |TAMS 0x0000000085800000, 0x0000000085800000| Untracked 
|  81|0x0000000085900000, 0x0000000085900000, 0x0000000085a00000|  0%| F|  |TAMS 0x0000000085900000, 0x0000000085900000| Untracked 
|  82|0x0000000085a00000, 0x0000000085a00000, 0x0000000085b00000|  0%| F|  |TAMS 0x0000000085a00000, 0x0000000085a00000| Untracked 
|  83|0x0000000085b00000, 0x0000000085c00000, 0x0000000085c00000|100%|HS|  |TAMS 0x0000000085c00000, 0x0000000085b00000| Untracked 
|  84|0x0000000085c00000, 0x0000000085d00000, 0x0000000085d00000|100%|HC|  |TAMS 0x0000000085d00000, 0x0000000085c00000| Untracked 
|  85|0x0000000085d00000, 0x0000000085e00000, 0x0000000085e00000|100%|HS|  |TAMS 0x0000000085e00000, 0x0000000085d00000| Untracked 
|  86|0x0000000085e00000, 0x0000000085f00000, 0x0000000085f00000|100%|HS|  |TAMS 0x0000000085f00000, 0x0000000085e00000| Untracked 
|  87|0x0000000085f00000, 0x0000000085f00000, 0x0000000086000000|  0%| F|  |TAMS 0x0000000085f00000, 0x0000000085f00000| Untracked 
|  88|0x0000000086000000, 0x0000000086000000, 0x0000000086100000|  0%| F|  |TAMS 0x0000000086000000, 0x0000000086000000| Untracked 
|  89|0x0000000086100000, 0x0000000086100000, 0x0000000086200000|  0%| F|  |TAMS 0x0000000086100000, 0x0000000086100000| Untracked 
|  90|0x0000000086200000, 0x0000000086200000, 0x0000000086300000|  0%| F|  |TAMS 0x0000000086200000, 0x0000000086200000| Untracked 
|  91|0x0000000086300000, 0x0000000086300000, 0x0000000086400000|  0%| F|  |TAMS 0x0000000086300000, 0x0000000086300000| Untracked 
|  92|0x0000000086400000, 0x0000000086400000, 0x0000000086500000|  0%| F|  |TAMS 0x0000000086400000, 0x0000000086400000| Untracked 
|  93|0x0000000086500000, 0x0000000086500000, 0x0000000086600000|  0%| F|  |TAMS 0x0000000086500000, 0x0000000086500000| Untracked 
|  94|0x0000000086600000, 0x0000000086600000, 0x0000000086700000|  0%| F|  |TAMS 0x0000000086600000, 0x0000000086600000| Untracked 
|  95|0x0000000086700000, 0x0000000086700000, 0x0000000086800000|  0%| F|  |TAMS 0x0000000086700000, 0x0000000086700000| Untracked 
|  96|0x0000000086800000, 0x0000000086800000, 0x0000000086900000|  0%| F|  |TAMS 0x0000000086800000, 0x0000000086800000| Untracked 
|  97|0x0000000086900000, 0x0000000086900000, 0x0000000086a00000|  0%| F|  |TAMS 0x0000000086900000, 0x0000000086900000| Untracked 
|  98|0x0000000086a00000, 0x0000000086a00000, 0x0000000086b00000|  0%| F|  |TAMS 0x0000000086a00000, 0x0000000086a00000| Untracked 
|  99|0x0000000086b00000, 0x0000000086b00000, 0x0000000086c00000|  0%| F|  |TAMS 0x0000000086b00000, 0x0000000086b00000| Untracked 
| 100|0x0000000086c00000, 0x0000000086c00000, 0x0000000086d00000|  0%| F|  |TAMS 0x0000000086c00000, 0x0000000086c00000| Untracked 
| 101|0x0000000086d00000, 0x0000000086d00000, 0x0000000086e00000|  0%| F|  |TAMS 0x0000000086d00000, 0x0000000086d00000| Untracked 
| 102|0x0000000086e00000, 0x0000000086e00000, 0x0000000086f00000|  0%| F|  |TAMS 0x0000000086e00000, 0x0000000086e00000| Untracked 
| 103|0x0000000086f00000, 0x0000000086f00000, 0x0000000087000000|  0%| F|  |TAMS 0x0000000086f00000, 0x0000000086f00000| Untracked 
| 104|0x0000000087000000, 0x0000000087000000, 0x0000000087100000|  0%| F|  |TAMS 0x0000000087000000, 0x0000000087000000| Untracked 
| 105|0x0000000087100000, 0x0000000087100000, 0x0000000087200000|  0%| F|  |TAMS 0x0000000087100000, 0x0000000087100000| Untracked 
| 106|0x0000000087200000, 0x0000000087200000, 0x0000000087300000|  0%| F|  |TAMS 0x0000000087200000, 0x0000000087200000| Untracked 
| 107|0x0000000087300000, 0x0000000087300000, 0x0000000087400000|  0%| F|  |TAMS 0x0000000087300000, 0x0000000087300000| Untracked 
| 108|0x0000000087400000, 0x0000000087400000, 0x0000000087500000|  0%| F|  |TAMS 0x0000000087400000, 0x0000000087400000| Untracked 
| 109|0x0000000087500000, 0x0000000087500000, 0x0000000087600000|  0%| F|  |TAMS 0x0000000087500000, 0x0000000087500000| Untracked 
| 110|0x0000000087600000, 0x0000000087600000, 0x0000000087700000|  0%| F|  |TAMS 0x0000000087600000, 0x0000000087600000| Untracked 
| 111|0x0000000087700000, 0x0000000087700000, 0x0000000087800000|  0%| F|  |TAMS 0x0000000087700000, 0x0000000087700000| Untracked 
| 112|0x0000000087800000, 0x0000000087800000, 0x0000000087900000|  0%| F|  |TAMS 0x0000000087800000, 0x0000000087800000| Untracked 
| 113|0x0000000087900000, 0x0000000087900000, 0x0000000087a00000|  0%| F|  |TAMS 0x0000000087900000, 0x0000000087900000| Untracked 
| 114|0x0000000087a00000, 0x0000000087a00000, 0x0000000087b00000|  0%| F|  |TAMS 0x0000000087a00000, 0x0000000087a00000| Untracked 
| 115|0x0000000087b00000, 0x0000000087b00000, 0x0000000087c00000|  0%| F|  |TAMS 0x0000000087b00000, 0x0000000087b00000| Untracked 
| 116|0x0000000087c00000, 0x0000000087c00000, 0x0000000087d00000|  0%| F|  |TAMS 0x0000000087c00000, 0x0000000087c00000| Untracked 
| 117|0x0000000087d00000, 0x0000000087d00000, 0x0000000087e00000|  0%| F|  |TAMS 0x0000000087d00000, 0x0000000087d00000| Untracked 
| 118|0x0000000087e00000, 0x0000000087e00000, 0x0000000087f00000|  0%| F|  |TAMS 0x0000000087e00000, 0x0000000087e00000| Untracked 
| 119|0x0000000087f00000, 0x0000000087f00000, 0x0000000088000000|  0%| F|  |TAMS 0x0000000087f00000, 0x0000000087f00000| Untracked 
| 120|0x0000000088000000, 0x0000000088000000, 0x0000000088100000|  0%| F|  |TAMS 0x0000000088000000, 0x0000000088000000| Untracked 
| 121|0x0000000088100000, 0x0000000088100000, 0x0000000088200000|  0%| F|  |TAMS 0x0000000088100000, 0x0000000088100000| Untracked 
| 122|0x0000000088200000, 0x0000000088200000, 0x0000000088300000|  0%| F|  |TAMS 0x0000000088200000, 0x0000000088200000| Untracked 
| 123|0x0000000088300000, 0x000000008830c868, 0x0000000088400000|  4%| E|  |TAMS 0x0000000088300000, 0x0000000088300000| Complete 

Card table byte_map: [0x00000254da7f0000,0x00000254dabf0000] _byte_map_base: 0x00000254da3ec000

Marking Bits (Prev, Next): (CMBitMap*) 0x00000254d46b7ac0, (CMBitMap*) 0x00000254d46b7a80
 Prev Bits: [0x00000254dcfd0000, 0x00000254defb0000)
 Next Bits: [0x00000254daff0000, 0x00000254dcfd0000)

Polling page: 0x00000254d25e0000

Metaspace:

Usage:
  Non-class:     44.88 MB used.
      Class:      6.82 MB used.
       Both:     51.69 MB used.

Virtual space:
  Non-class space:       48.00 MB reserved,      45.13 MB ( 94%) committed,  6 nodes.
      Class space:        1.00 GB reserved,       7.06 MB ( <1%) committed,  1 nodes.
             Both:        1.05 GB reserved,      52.19 MB (  5%) committed. 

Chunk freelists:
   Non-Class:  2.55 MB
       Class:  988.00 KB
        Both:  3.51 MB

MaxMetaspaceSize: unlimited
CompressedClassSpaceSize: 1.00 GB
Initial GC threshold: 21.00 MB
Current GC threshold: 87.00 MB
CDS: off
MetaspaceReclaimPolicy: balanced
 - commit_granule_bytes: 65536.
 - commit_granule_words: 8192.
 - virtual_space_node_default_size: 1048576.
 - enlarge_chunks_in_place: 1.
 - new_chunks_are_fully_committed: 0.
 - uncommit_free_chunks: 1.
 - use_allocation_guard: 0.
 - handle_deallocations: 1.


Internal statistics:

num_allocs_failed_limit: 8.
num_arena_births: 474.
num_arena_deaths: 126.
num_vsnodes_births: 7.
num_vsnodes_deaths: 0.
num_space_committed: 835.
num_space_uncommitted: 0.
num_chunks_returned_to_freelist: 152.
num_chunks_taken_from_freelist: 2143.
num_chunk_merges: 50.
num_chunk_splits: 1535.
num_chunks_enlarged: 1222.
num_purges: 8.
num_inconsistent_stats: 0.

CodeCache: size=49152Kb used=12801Kb max_used=14303Kb free=36350Kb
 bounds [0x00000254d72e0000, 0x00000254d8140000, 0x00000254da2e0000]
 total_blobs=7406 nmethods=6794 adapters=539
 compilation: enabled
              stopped_count=0, restarted_count=0
 full_count=0

Compilation events (20 events):
Event: 27794.473 Thread 0x00000254e2434d80 6782       1       java.lang.invoke.LambdaForm$DMH/0x000000010070bc00::newInvokeSpecial (23 bytes)
Event: 27794.473 Thread 0x00000254e2434d80 nmethod 6782 0x00000254d75c1b90 code [0x00000254d75c1d40, 0x00000254d75c1ec8]
Event: 27794.473 Thread 0x00000254e2434d80 6783       1       java.lang.ProcessImpl$$Lambda$738/0x000000010045fc20::<init> (10 bytes)
Event: 27794.473 Thread 0x00000254e2434d80 nmethod 6783 0x00000254d75c1890 code [0x00000254d75c1a20, 0x00000254d75c1af8]
Event: 27794.473 Thread 0x00000254e2434d80 6785       1       java.lang.ProcessHandleImpl::getInternal (13 bytes)
Event: 27794.474 Thread 0x00000254e2434d80 nmethod 6785 0x00000254d75c1510 code [0x00000254d75c16a0, 0x00000254d75c1808]
Event: 27794.474 Thread 0x00000254e2434d80 6780       1       java.lang.Process::<init> (5 bytes)
Event: 27794.474 Thread 0x00000254e2434d80 nmethod 6780 0x00000254d75c1210 code [0x00000254d75c13a0, 0x00000254d75c1458]
Event: 27794.637 Thread 0x00000254e2434d80 6786   !   1       java.io.FilterOutputStream::close (183 bytes)
Event: 27794.676 Thread 0x00000254e2434d80 nmethod 6786 0x00000254d75c0090 code [0x00000254d75c02a0, 0x00000254d75c0778]
Event: 27794.676 Thread 0x00000254e2434d80 6788       1       java.lang.ProcessImpl$$Lambda$738/0x000000010045fc20::run (8 bytes)
Event: 27794.676 Thread 0x00000254e2434d80 nmethod 6788 0x00000254d75bfd90 code [0x00000254d75bff20, 0x00000254d75c0008]
Event: 27794.676 Thread 0x00000254e2434d80 6789       1       java.lang.ProcessImpl::lambda$new$0 (6 bytes)
Event: 27794.676 Thread 0x00000254e2434d80 nmethod 6789 0x00000254d75bfa90 code [0x00000254d75bfc20, 0x00000254d75bfce8]
Event: 29102.719 Thread 0x00000254e2434d80 6791       1       java.lang.ProcessImpl$2::run (242 bytes)
Event: 29102.721 Thread 0x00000254e2434d80 nmethod 6791 0x00000254d75be010 code [0x00000254d75be2c0, 0x00000254d75bf058]
Event: 29102.721 Thread 0x00000254e2434d80 6792       1       java.io.BufferedOutputStream::<init> (9 bytes)
Event: 29102.721 Thread 0x00000254e2434d80 nmethod 6792 0x00000254d75bda90 code [0x00000254d75bdc20, 0x00000254d75bdef8]
Event: 29102.721 Thread 0x00000254e2434d80 6793       1       java.lang.ProcessImpl::waitFor (136 bytes)
Event: 29102.721 Thread 0x00000254e2434d80 nmethod 6793 0x00000254d75bd210 code [0x00000254d75bd420, 0x00000254d75bd818]

GC Heap History (20 events):
Event: 53945.809 GC heap before
{Heap before GC invocations=2846 (full 2815):
 garbage-first heap   total 126976K, used 36948K [0x0000000080800000, 0x0000000100000000)
  region size 1024K, 1 young (1024K), 0 survivors (0K)
 Metaspace       used 52935K, committed 53440K, reserved 1097728K
  class space    used 6980K, committed 7232K, reserved 1048576K
}
Event: 53945.844 GC heap after
{Heap after GC invocations=2847 (full 2816):
 garbage-first heap   total 126976K, used 36948K [0x0000000080800000, 0x0000000100000000)
  region size 1024K, 0 young (0K), 0 survivors (0K)
 Metaspace       used 52935K, committed 53440K, reserved 1097728K
  class space    used 6980K, committed 7232K, reserved 1048576K
}
Event: 53956.006 GC heap before
{Heap before GC invocations=2847 (full 2816):
 garbage-first heap   total 126976K, used 36948K [0x0000000080800000, 0x0000000100000000)
  region size 1024K, 1 young (1024K), 0 survivors (0K)
 Metaspace       used 52935K, committed 53440K, reserved 1097728K
  class space    used 6980K, committed 7232K, reserved 1048576K
}
Event: 53956.039 GC heap after
{Heap after GC invocations=2848 (full 2817):
 garbage-first heap   total 126976K, used 36948K [0x0000000080800000, 0x0000000100000000)
  region size 1024K, 0 young (0K), 0 survivors (0K)
 Metaspace       used 52935K, committed 53440K, reserved 1097728K
  class space    used 6980K, committed 7232K, reserved 1048576K
}
Event: 53966.205 GC heap before
{Heap before GC invocations=2848 (full 2817):
 garbage-first heap   total 126976K, used 36948K [0x0000000080800000, 0x0000000100000000)
  region size 1024K, 1 young (1024K), 0 survivors (0K)
 Metaspace       used 52935K, committed 53440K, reserved 1097728K
  class space    used 6980K, committed 7232K, reserved 1048576K
}
Event: 53966.240 GC heap after
{Heap after GC invocations=2849 (full 2818):
 garbage-first heap   total 126976K, used 36948K [0x0000000080800000, 0x0000000100000000)
  region size 1024K, 0 young (0K), 0 survivors (0K)
 Metaspace       used 52935K, committed 53440K, reserved 1097728K
  class space    used 6980K, committed 7232K, reserved 1048576K
}
Event: 53976.410 GC heap before
{Heap before GC invocations=2849 (full 2818):
 garbage-first heap   total 126976K, used 36948K [0x0000000080800000, 0x0000000100000000)
  region size 1024K, 1 young (1024K), 0 survivors (0K)
 Metaspace       used 52935K, committed 53440K, reserved 1097728K
  class space    used 6980K, committed 7232K, reserved 1048576K
}
Event: 53976.464 GC heap after
{Heap after GC invocations=2850 (full 2819):
 garbage-first heap   total 126976K, used 36948K [0x0000000080800000, 0x0000000100000000)
  region size 1024K, 0 young (0K), 0 survivors (0K)
 Metaspace       used 52935K, committed 53440K, reserved 1097728K
  class space    used 6980K, committed 7232K, reserved 1048576K
}
Event: 53988.102 GC heap before
{Heap before GC invocations=2850 (full 2819):
 garbage-first heap   total 126976K, used 36948K [0x0000000080800000, 0x0000000100000000)
  region size 1024K, 1 young (1024K), 0 survivors (0K)
 Metaspace       used 52935K, committed 53440K, reserved 1097728K
  class space    used 6980K, committed 7232K, reserved 1048576K
}
Event: 53988.182 GC heap after
{Heap after GC invocations=2851 (full 2820):
 garbage-first heap   total 126976K, used 36948K [0x0000000080800000, 0x0000000100000000)
  region size 1024K, 0 young (0K), 0 survivors (0K)
 Metaspace       used 52935K, committed 53440K, reserved 1097728K
  class space    used 6980K, committed 7232K, reserved 1048576K
}
Event: 53998.704 GC heap before
{Heap before GC invocations=2851 (full 2820):
 garbage-first heap   total 126976K, used 36948K [0x0000000080800000, 0x0000000100000000)
  region size 1024K, 1 young (1024K), 0 survivors (0K)
 Metaspace       used 52935K, committed 53440K, reserved 1097728K
  class space    used 6980K, committed 7232K, reserved 1048576K
}
Event: 53998.767 GC heap after
{Heap after GC invocations=2852 (full 2821):
 garbage-first heap   total 126976K, used 36948K [0x0000000080800000, 0x0000000100000000)
  region size 1024K, 0 young (0K), 0 survivors (0K)
 Metaspace       used 52935K, committed 53440K, reserved 1097728K
  class space    used 6980K, committed 7232K, reserved 1048576K
}
Event: 54009.097 GC heap before
{Heap before GC invocations=2852 (full 2821):
 garbage-first heap   total 126976K, used 36948K [0x0000000080800000, 0x0000000100000000)
  region size 1024K, 1 young (1024K), 0 survivors (0K)
 Metaspace       used 52935K, committed 53440K, reserved 1097728K
  class space    used 6980K, committed 7232K, reserved 1048576K
}
Event: 54009.179 GC heap after
{Heap after GC invocations=2853 (full 2822):
 garbage-first heap   total 126976K, used 36948K [0x0000000080800000, 0x0000000100000000)
  region size 1024K, 0 young (0K), 0 survivors (0K)
 Metaspace       used 52935K, committed 53440K, reserved 1097728K
  class space    used 6980K, committed 7232K, reserved 1048576K
}
Event: 54019.547 GC heap before
{Heap before GC invocations=2853 (full 2822):
 garbage-first heap   total 126976K, used 36948K [0x0000000080800000, 0x0000000100000000)
  region size 1024K, 1 young (1024K), 0 survivors (0K)
 Metaspace       used 52935K, committed 53440K, reserved 1097728K
  class space    used 6980K, committed 7232K, reserved 1048576K
}
Event: 54019.613 GC heap after
{Heap after GC invocations=2854 (full 2823):
 garbage-first heap   total 126976K, used 36948K [0x0000000080800000, 0x0000000100000000)
  region size 1024K, 0 young (0K), 0 survivors (0K)
 Metaspace       used 52935K, committed 53440K, reserved 1097728K
  class space    used 6980K, committed 7232K, reserved 1048576K
}
Event: 54029.949 GC heap before
{Heap before GC invocations=2854 (full 2823):
 garbage-first heap   total 126976K, used 36948K [0x0000000080800000, 0x0000000100000000)
  region size 1024K, 1 young (1024K), 0 survivors (0K)
 Metaspace       used 52935K, committed 53440K, reserved 1097728K
  class space    used 6980K, committed 7232K, reserved 1048576K
}
Event: 54030.010 GC heap after
{Heap after GC invocations=2855 (full 2824):
 garbage-first heap   total 126976K, used 36948K [0x0000000080800000, 0x0000000100000000)
  region size 1024K, 0 young (0K), 0 survivors (0K)
 Metaspace       used 52935K, committed 53440K, reserved 1097728K
  class space    used 6980K, committed 7232K, reserved 1048576K
}
Event: 54040.204 GC heap before
{Heap before GC invocations=2855 (full 2824):
 garbage-first heap   total 126976K, used 36948K [0x0000000080800000, 0x0000000100000000)
  region size 1024K, 1 young (1024K), 0 survivors (0K)
 Metaspace       used 52935K, committed 53440K, reserved 1097728K
  class space    used 6980K, committed 7232K, reserved 1048576K
}
Event: 54040.253 GC heap after
{Heap after GC invocations=2856 (full 2825):
 garbage-first heap   total 126976K, used 36948K [0x0000000080800000, 0x0000000100000000)
  region size 1024K, 0 young (0K), 0 survivors (0K)
 Metaspace       used 52935K, committed 53440K, reserved 1097728K
  class space    used 6980K, committed 7232K, reserved 1048576K
}

Deoptimization events (20 events):
Event: 9.601 Thread 0x00000254e46106b0 DEOPT PACKING pc=0x00000254d7835597 sp=0x000000691f7fec10
Event: 9.601 Thread 0x00000254e46106b0 DEOPT UNPACKING pc=0x00000254d7332b43 sp=0x000000691f7fe068 mode 3
Event: 37.159 Thread 0x00000254e62d05e0 DEOPT PACKING pc=0x00000254d7cb25ee sp=0x0000006920ffd6c0
Event: 37.159 Thread 0x00000254e62d05e0 DEOPT UNPACKING pc=0x00000254d7332b43 sp=0x0000006920ffcbb8 mode 3
Event: 37.197 Thread 0x00000254e62d05e0 DEOPT PACKING pc=0x00000254d7c9fe44 sp=0x0000006920ffda50
Event: 37.197 Thread 0x00000254e62d05e0 DEOPT UNPACKING pc=0x00000254d7332b43 sp=0x0000006920ffcf40 mode 3
Event: 40.886 Thread 0x00000254e44e8330 DEOPT PACKING pc=0x00000254d7830952 sp=0x000000691f1fd410
Event: 40.886 Thread 0x00000254e44e8330 DEOPT UNPACKING pc=0x00000254d7332b43 sp=0x000000691f1fc918 mode 3
Event: 41.390 Thread 0x00000254e44e8330 DEOPT PACKING pc=0x00000254d8069374 sp=0x000000691f1fdc80
Event: 41.390 Thread 0x00000254e44e8330 DEOPT UNPACKING pc=0x00000254d7332b43 sp=0x000000691f1fd178 mode 0
Event: 41.390 Thread 0x00000254e44e8330 DEOPT PACKING pc=0x00000254d8081df4 sp=0x000000691f1fdd50
Event: 41.390 Thread 0x00000254e44e8330 DEOPT UNPACKING pc=0x00000254d7332b43 sp=0x000000691f1fd228 mode 0
Event: 41.390 Thread 0x00000254e44e8330 DEOPT PACKING pc=0x00000254d8023da4 sp=0x000000691f1fde00
Event: 41.390 Thread 0x00000254e44e8330 DEOPT UNPACKING pc=0x00000254d7332b43 sp=0x000000691f1fd380 mode 0
Event: 41.391 Thread 0x00000254e44e8330 DEOPT PACKING pc=0x00000254d8052a2c sp=0x000000691f1fe100
Event: 41.391 Thread 0x00000254e44e8330 DEOPT UNPACKING pc=0x00000254d7332b43 sp=0x000000691f1fd590 mode 0
Event: 41.542 Thread 0x00000254e44e8330 DEOPT PACKING pc=0x00000254d7d38f3d sp=0x000000691f1fdf50
Event: 41.542 Thread 0x00000254e44e8330 DEOPT UNPACKING pc=0x00000254d7332b43 sp=0x000000691f1fd468 mode 3
Event: 386.710 Thread 0x00000254e4618bf0 DEOPT PACKING pc=0x00000254d7970354 sp=0x00000069205fef60
Event: 386.710 Thread 0x00000254e4618bf0 DEOPT UNPACKING pc=0x00000254d7332b43 sp=0x00000069205fe408 mode 0

Classes unloaded (20 events):
Event: 150.780 Thread 0x00000254e1a06350 Unloading class 0x000000010034d800 'java/lang/invoke/LambdaForm$MH+0x000000010034d800'
Event: 150.780 Thread 0x00000254e1a06350 Unloading class 0x000000010034d400 'java/lang/invoke/LambdaForm$MH+0x000000010034d400'
Event: 150.780 Thread 0x00000254e1a06350 Unloading class 0x000000010034d000 'java/lang/invoke/LambdaForm$MH+0x000000010034d000'
Event: 150.780 Thread 0x00000254e1a06350 Unloading class 0x0000000100203000 'java/lang/invoke/LambdaForm$MH+0x0000000100203000'
Event: 150.780 Thread 0x00000254e1a06350 Unloading class 0x0000000100202c00 'java/lang/invoke/LambdaForm$MH+0x0000000100202c00'
Event: 150.780 Thread 0x00000254e1a06350 Unloading class 0x0000000100202800 'java/lang/invoke/LambdaForm$MH+0x0000000100202800'
Event: 150.780 Thread 0x00000254e1a06350 Unloading class 0x0000000100202400 'java/lang/invoke/LambdaForm$MH+0x0000000100202400'
Event: 150.780 Thread 0x00000254e1a06350 Unloading class 0x0000000100202000 'java/lang/invoke/LambdaForm$MH+0x0000000100202000'
Event: 150.780 Thread 0x00000254e1a06350 Unloading class 0x0000000100201800 'java/lang/invoke/LambdaForm$MH+0x0000000100201800'
Event: 150.780 Thread 0x00000254e1a06350 Unloading class 0x00000001000d2800 'java/lang/invoke/LambdaForm$MH+0x00000001000d2800'
Event: 150.780 Thread 0x00000254e1a06350 Unloading class 0x00000001000d2000 'java/lang/invoke/LambdaForm$MH+0x00000001000d2000'
Event: 150.780 Thread 0x00000254e1a06350 Unloading class 0x00000001000d1c00 'java/lang/invoke/LambdaForm$MH+0x00000001000d1c00'
Event: 150.780 Thread 0x00000254e1a06350 Unloading class 0x00000001000d1800 'java/lang/invoke/LambdaForm$MH+0x00000001000d1800'
Event: 150.780 Thread 0x00000254e1a06350 Unloading class 0x00000001000d1000 'java/lang/invoke/LambdaForm$MH+0x00000001000d1000'
Event: 150.780 Thread 0x00000254e1a06350 Unloading class 0x00000001000d0c00 'java/lang/invoke/LambdaForm$MH+0x00000001000d0c00'
Event: 150.780 Thread 0x00000254e1a06350 Unloading class 0x00000001000d0800 'java/lang/invoke/LambdaForm$MH+0x00000001000d0800'
Event: 150.780 Thread 0x00000254e1a06350 Unloading class 0x00000001000d0000 'java/lang/invoke/LambdaForm$MH+0x00000001000d0000'
Event: 486.789 Thread 0x00000254e1a06350 Unloading class 0x0000000100384800 'java/lang/invoke/LambdaForm$MH+0x0000000100384800'
Event: 486.789 Thread 0x00000254e1a06350 Unloading class 0x000000010052a400 'java/lang/invoke/LambdaForm$MH+0x000000010052a400'
Event: 486.789 Thread 0x00000254e1a06350 Unloading class 0x000000010052d000 'java/lang/invoke/LambdaForm$MH+0x000000010052d000'

Classes redefined (0 events):
No events

Internal exceptions (20 events):
Event: 40.650 Thread 0x00000254e62cf770 Exception <a 'sun/nio/fs/WindowsException'{0x00000000a3607158}> (0x00000000a3607158) 
thrown [s\src\hotspot\share\prims\jni.cpp, line 516]
Event: 40.650 Thread 0x00000254e62cf770 Exception <a 'sun/nio/fs/WindowsException'{0x00000000a3607b50}> (0x00000000a3607b50) 
thrown [s\src\hotspot\share\prims\jni.cpp, line 516]
Event: 40.650 Thread 0x00000254e62cf770 Exception <a 'sun/nio/fs/WindowsException'{0x00000000a3607f08}> (0x00000000a3607f08) 
thrown [s\src\hotspot\share\prims\jni.cpp, line 516]
Event: 40.650 Thread 0x00000254e62cf770 Exception <a 'sun/nio/fs/WindowsException'{0x00000000a36088f0}> (0x00000000a36088f0) 
thrown [s\src\hotspot\share\prims\jni.cpp, line 516]
Event: 40.650 Thread 0x00000254e62cf770 Exception <a 'sun/nio/fs/WindowsException'{0x00000000a3608c98}> (0x00000000a3608c98) 
thrown [s\src\hotspot\share\prims\jni.cpp, line 516]
Event: 40.651 Thread 0x00000254e62cf770 Exception <a 'sun/nio/fs/WindowsException'{0x00000000a3609690}> (0x00000000a3609690) 
thrown [s\src\hotspot\share\prims\jni.cpp, line 516]
Event: 40.652 Thread 0x00000254e62cf770 Exception <a 'sun/nio/fs/WindowsException'{0x00000000a3609a48}> (0x00000000a3609a48) 
thrown [s\src\hotspot\share\prims\jni.cpp, line 516]
Event: 40.660 Thread 0x00000254e62cf770 Exception <a 'sun/nio/fs/WindowsException'{0x00000000a360a458}> (0x00000000a360a458) 
thrown [s\src\hotspot\share\prims\jni.cpp, line 516]
Event: 40.661 Thread 0x00000254e62cf770 Exception <a 'sun/nio/fs/WindowsException'{0x00000000a360a830}> (0x00000000a360a830) 
thrown [s\src\hotspot\share\prims\jni.cpp, line 516]
Event: 40.661 Thread 0x00000254e62cf770 Exception <a 'sun/nio/fs/WindowsException'{0x00000000a360b258}> (0x00000000a360b258) 
thrown [s\src\hotspot\share\prims\jni.cpp, line 516]
Event: 40.661 Thread 0x00000254e62cf770 Exception <a 'sun/nio/fs/WindowsException'{0x00000000a360b648}> (0x00000000a360b648) 
thrown [s\src\hotspot\share\prims\jni.cpp, line 516]
Event: 40.661 Thread 0x00000254e62cf770 Exception <a 'sun/nio/fs/WindowsException'{0x00000000a360c068}> (0x00000000a360c068) 
thrown [s\src\hotspot\share\prims\jni.cpp, line 516]
Event: 40.661 Thread 0x00000254e62cf770 Exception <a 'sun/nio/fs/WindowsException'{0x00000000a360c450}> (0x00000000a360c450) 
thrown [s\src\hotspot\share\prims\jni.cpp, line 516]
Event: 79.239 Thread 0x00000254e4619a60 Exception <a 'java/lang/NoSuchMethodError'{0x0000000098461a90}: 'void java.lang.invoke.DirectMethodHandle$Holder.invokeStatic(java.lang.Object, long)'> (0x0000000098461a90) 
thrown [s\src\hotspot\share\interpreter\linkResolver.cpp, line 759]
Event: 79.240 Thread 0x00000254e4619a60 Exception <a 'java/lang/NoSuchMethodError'{0x0000000098466e38}: 'java.lang.Object java.lang.invoke.DirectMethodHandle$Holder.newInvokeSpecial(java.lang.Object, long)'> (0x0000000098466e38) 
thrown [s\src\hotspot\share\interpreter\linkResolver.cpp, line 759]
Event: 79.244 Thread 0x00000254e4619a60 Exception <a 'java/lang/NoSuchMethodError'{0x000000009846d9b0}: 'java.lang.Object java.lang.invoke.DirectMethodHandle$Holder.invokeStatic(java.lang.Object, java.lang.Object, long, java.lang.Object)'> (0x000000009846d9b0) 
thrown [s\src\hotspot\share\interpreter\linkResolver.cpp, line 759]
Event: 79.244 Thread 0x00000254e4619a60 Exception <a 'java/lang/NoSuchMethodError'{0x0000000098471448}: 'java.lang.Object java.lang.invoke.DirectMethodHandle$Holder.invokeStaticInit(java.lang.Object, java.lang.Object, long, java.lang.Object)'> (0x0000000098471448) 
thrown [s\src\hotspot\share\interpreter\linkResolver.cpp, line 759]
Event: 79.245 Thread 0x00000254e4619a60 Exception <a 'java/lang/NoSuchMethodError'{0x00000000984a5b88}: 'java.lang.Object java.lang.invoke.DirectMethodHandle$Holder.newInvokeSpecial(java.lang.Object, java.lang.Object, long)'> (0x00000000984a5b88) 
thrown [s\src\hotspot\share\interpreter\linkResolver.cpp, line 759]
Event: 550.887 Thread 0x00000254e62cbdb0 Exception <a 'java/lang/NoSuchMethodError'{0x0000000088333670}: 'java.lang.Object java.lang.invoke.DirectMethodHandle$Holder.newInvokeSpecial(java.lang.Object, java.lang.Object, java.lang.Object, java.lang.Object, java.lang.Object, java.lang.Object, java.lang.Object)'> (0x0000000088333670) 
thrown [s\src\hotspot\share\interpreter\linkResolver.cpp, line 759]
Event: 550.887 Thread 0x00000254e62cbdb0 Exception <a 'java/lang/NoSuchMethodError'{0x0000000088337f80}: 'java.lang.Object java.lang.invoke.Invokers$Holder.linkToTargetMethod(java.lang.Object, java.lang.Object, java.lang.Object, java.lang.Object, java.lang.Object, java.lang.Object, java.lang.Object)'> (0x0000000088337f80) 
thrown [s\src\hotspot\share\interpreter\linkResolver.cpp, line 759]

VM Operations (20 events):
Event: 53945.844 Executing VM operation: G1CollectFull done
Event: 53956.006 Executing VM operation: G1CollectFull
Event: 53956.039 Executing VM operation: G1CollectFull done
Event: 53966.205 Executing VM operation: G1CollectFull
Event: 53966.240 Executing VM operation: G1CollectFull done
Event: 53976.410 Executing VM operation: G1CollectFull
Event: 53976.464 Executing VM operation: G1CollectFull done
Event: 53988.101 Executing VM operation: G1CollectFull
Event: 53988.183 Executing VM operation: G1CollectFull done
Event: 53998.704 Executing VM operation: G1CollectFull
Event: 53998.767 Executing VM operation: G1CollectFull done
Event: 54009.097 Executing VM operation: G1CollectFull
Event: 54009.179 Executing VM operation: G1CollectFull done
Event: 54019.546 Executing VM operation: G1CollectFull
Event: 54019.613 Executing VM operation: G1CollectFull done
Event: 54029.949 Executing VM operation: G1CollectFull
Event: 54030.010 Executing VM operation: G1CollectFull done
Event: 54040.204 Executing VM operation: G1CollectFull
Event: 54040.254 Executing VM operation: G1CollectFull done
Event: 54050.500 Executing VM operation: G1CollectFull

Events (20 events):
Event: 386.711 Thread 0x00000254e62d0ab0 Thread added: 0x00000254e62d0ab0
Event: 386.719 Thread 0x00000254e62cb410 Thread added: 0x00000254e62cb410
Event: 387.558 loading class java/util/concurrent/CompletionException
Event: 387.558 loading class java/util/concurrent/CompletionException done
Event: 446.732 Thread 0x00000254e62cb410 Thread exited: 0x00000254e62cb410
Event: 447.559 Thread 0x00000254e62d0ab0 Thread exited: 0x00000254e62d0ab0
Event: 539.530 Thread 0x00000254e62cbdb0 Thread added: 0x00000254e62cbdb0
Event: 539.532 Thread 0x00000254e62d1df0 Thread added: 0x00000254e62d1df0
Event: 612.920 Thread 0x00000254e62d1df0 Thread exited: 0x00000254e62d1df0
Event: 614.443 Thread 0x00000254e62cbdb0 Thread exited: 0x00000254e62cbdb0
Event: 25731.627 Thread 0x00000254e6402be0 Thread added: 0x00000254e6402be0
Event: 25731.627 Thread 0x00000254e64021c0 Thread added: 0x00000254e64021c0
Event: 25731.627 Thread 0x00000254e64026d0 Thread added: 0x00000254e64026d0
Event: 25736.630 Thread 0x00000254e6402be0 Thread exited: 0x00000254e6402be0
Event: 25736.630 Thread 0x00000254e64021c0 Thread exited: 0x00000254e64021c0
Event: 25736.630 Thread 0x00000254e64026d0 Thread exited: 0x00000254e64026d0
Event: 25838.554 Thread 0x00000254e62cdf60 Thread added: 0x00000254e62cdf60
Event: 25838.568 Thread 0x00000254e62d0110 Thread added: 0x00000254e62d0110
Event: 25898.848 Thread 0x00000254e62d0110 Thread exited: 0x00000254e62d0110
Event: 25898.850 Thread 0x00000254e62cdf60 Thread exited: 0x00000254e62cdf60


Dynamic libraries:
0x00007ff73e9a0000 - 0x00007ff73e9ae000 	c:\Users\user\.vscode\extensions\redhat.java-1.11.0-win32-x64\jre\17.0.4.1-win32-x86_64\bin\java.exe
0x00007ff8881b0000 - 0x00007ff88839d000 	C:\Windows\SYSTEM32\ntdll.dll
0x00007ff886370000 - 0x00007ff886423000 	C:\Windows\System32\KERNEL32.DLL
0x00007ff8842d0000 - 0x00007ff884563000 	C:\Windows\System32\KERNELBASE.dll
0x00007ff884a70000 - 0x00007ff884b6c000 	C:\Windows\System32\ucrtbase.dll
0x00007ff877240000 - 0x00007ff877259000 	c:\Users\user\.vscode\extensions\redhat.java-1.11.0-win32-x64\jre\17.0.4.1-win32-x86_64\bin\VCRUNTIME140.dll
0x00007ff877260000 - 0x00007ff877278000 	c:\Users\user\.vscode\extensions\redhat.java-1.11.0-win32-x64\jre\17.0.4.1-win32-x86_64\bin\jli.dll
0x00007ff8854b0000 - 0x00007ff885647000 	C:\Windows\System32\USER32.dll
0x00007ff884b70000 - 0x00007ff884b90000 	C:\Windows\System32\win32u.dll
0x00007ff870080000 - 0x00007ff8702f9000 	C:\Windows\WinSxS\amd64_microsoft.windows.common-controls_6595b64144ccf1df_6.0.17763.1_none_f040600eff408c2d\COMCTL32.dll
0x00007ff885960000 - 0x00007ff885989000 	C:\Windows\System32\GDI32.dll
0x00007ff885650000 - 0x00007ff8856ee000 	C:\Windows\System32\msvcrt.dll
0x00007ff884570000 - 0x00007ff88470a000 	C:\Windows\System32\gdi32full.dll
0x00007ff887e50000 - 0x00007ff88817e000 	C:\Windows\System32\combase.dll
0x00007ff8848f0000 - 0x00007ff884990000 	C:\Windows\System32\msvcp_win.dll
0x00007ff8859c0000 - 0x00007ff885ae3000 	C:\Windows\System32\RPCRT4.dll
0x00007ff8849f0000 - 0x00007ff884a6e000 	C:\Windows\System32\bcryptPrimitives.dll
0x00007ff885990000 - 0x00007ff8859be000 	C:\Windows\System32\IMM32.DLL
0x00007ff877350000 - 0x00007ff87735c000 	c:\Users\user\.vscode\extensions\redhat.java-1.11.0-win32-x64\jre\17.0.4.1-win32-x86_64\bin\vcruntime140_1.dll
0x00007ff8558d0000 - 0x00007ff855961000 	c:\Users\user\.vscode\extensions\redhat.java-1.11.0-win32-x64\jre\17.0.4.1-win32-x86_64\bin\msvcp140.dll
0x00007ff83c9a0000 - 0x00007ff83d5e6000 	c:\Users\user\.vscode\extensions\redhat.java-1.11.0-win32-x64\jre\17.0.4.1-win32-x86_64\bin\server\jvm.dll
0x00007ff885b60000 - 0x00007ff885c03000 	C:\Windows\System32\ADVAPI32.dll
0x00007ff885c70000 - 0x00007ff885d0e000 	C:\Windows\System32\sechost.dll
0x00007ff886600000 - 0x00007ff886608000 	C:\Windows\System32\PSAPI.DLL
0x00007ff882510000 - 0x00007ff882519000 	C:\Windows\SYSTEM32\WSOCK32.dll
0x00007ff882420000 - 0x00007ff882444000 	C:\Windows\SYSTEM32\WINMM.dll
0x00007ff886800000 - 0x00007ff88686d000 	C:\Windows\System32\WS2_32.dll
0x00007ff87dad0000 - 0x00007ff87dada000 	C:\Windows\SYSTEM32\VERSION.dll
0x00007ff8823f0000 - 0x00007ff88241d000 	C:\Windows\SYSTEM32\winmmbase.dll
0x00007ff884280000 - 0x00007ff8842ca000 	C:\Windows\System32\cfgmgr32.dll
0x00007ff884260000 - 0x00007ff884271000 	C:\Windows\System32\kernel.appcore.dll
0x00007ff877230000 - 0x00007ff87723a000 	c:\Users\user\.vscode\extensions\redhat.java-1.11.0-win32-x64\jre\17.0.4.1-win32-x86_64\bin\jimage.dll
0x00007ff874e60000 - 0x00007ff87504d000 	C:\Windows\SYSTEM32\DBGHELP.DLL
0x00007ff86f7c0000 - 0x00007ff86f7ea000 	C:\Windows\SYSTEM32\dbgcore.DLL
0x00007ff8729a0000 - 0x00007ff8729c5000 	c:\Users\user\.vscode\extensions\redhat.java-1.11.0-win32-x64\jre\17.0.4.1-win32-x86_64\bin\java.dll
0x00007ff872cb0000 - 0x00007ff872cc8000 	c:\Users\user\.vscode\extensions\redhat.java-1.11.0-win32-x64\jre\17.0.4.1-win32-x86_64\bin\zip.dll
0x00007ff886870000 - 0x00007ff887d5f000 	C:\Windows\System32\SHELL32.dll
0x00007ff886190000 - 0x00007ff886238000 	C:\Windows\System32\shcore.dll
0x00007ff884c90000 - 0x00007ff8853d8000 	C:\Windows\System32\windows.storage.dll
0x00007ff884230000 - 0x00007ff884254000 	C:\Windows\System32\profapi.dll
0x00007ff8841d0000 - 0x00007ff88422d000 	C:\Windows\System32\powrprof.dll
0x00007ff887d70000 - 0x00007ff887dc2000 	C:\Windows\System32\shlwapi.dll
0x00007ff884c40000 - 0x00007ff884c57000 	C:\Windows\System32\cryptsp.dll
0x00007ff872ae0000 - 0x00007ff872af9000 	C:\Users\user\.vscode\extensions\redhat.java-1.11.0-win32-x64\jre\17.0.4.1-win32-x86_64\bin\net.dll
0x00007ff87bad0000 - 0x00007ff87bbc1000 	C:\Windows\SYSTEM32\WINHTTP.dll
0x00007ff8839e0000 - 0x00007ff883a47000 	C:\Windows\system32\mswsock.dll
0x00007ff8727b0000 - 0x00007ff8727c5000 	C:\Users\user\.vscode\extensions\redhat.java-1.11.0-win32-x64\jre\17.0.4.1-win32-x86_64\bin\nio.dll
0x00007ff876610000 - 0x00007ff876620000 	c:\Users\user\.vscode\extensions\redhat.java-1.11.0-win32-x64\jre\17.0.4.1-win32-x86_64\bin\verify.dll
0x00007ff86f9a0000 - 0x00007ff86f9a9000 	C:\Users\user\.vscode\extensions\redhat.java-1.11.0-win32-x64\jre\17.0.4.1-win32-x86_64\bin\management.dll
0x00007ff86c6b0000 - 0x00007ff86c6bb000 	C:\Users\user\.vscode\extensions\redhat.java-1.11.0-win32-x64\jre\17.0.4.1-win32-x86_64\bin\management_ext.dll
0x00007ff85e1d0000 - 0x00007ff85e1e6000 	C:\Windows\system32\napinsp.dll
0x00007ff85e1b0000 - 0x00007ff85e1ca000 	C:\Windows\system32\pnrpnsp.dll
0x00007ff883780000 - 0x00007ff883846000 	C:\Windows\SYSTEM32\DNSAPI.dll
0x00007ff887d60000 - 0x00007ff887d68000 	C:\Windows\System32\NSI.dll
0x00007ff883740000 - 0x00007ff88377d000 	C:\Windows\SYSTEM32\IPHLPAPI.DLL
0x00007ff85e1a0000 - 0x00007ff85e1ae000 	C:\Windows\System32\winrnr.dll
0x00007ff881ad0000 - 0x00007ff881aeb000 	C:\Windows\system32\NLAapi.dll
0x00007ff862020000 - 0x00007ff862035000 	C:\Windows\system32\wshbth.dll
0x00007ff87b4a0000 - 0x00007ff87b4aa000 	C:\Windows\System32\rasadhlp.dll
0x00007ff87d5e0000 - 0x00007ff87d659000 	C:\Windows\System32\fwpuclnt.dll
0x00007ff884c60000 - 0x00007ff884c86000 	C:\Windows\System32\bcrypt.dll
0x00007ff8835a0000 - 0x00007ff8835d3000 	C:\Windows\system32\rsaenh.dll
0x00007ff8840b0000 - 0x00007ff8840d8000 	C:\Windows\SYSTEM32\USERENV.dll
0x00007ff883bb0000 - 0x00007ff883bbc000 	C:\Windows\SYSTEM32\CRYPTBASE.dll
0x00007ff87e430000 - 0x00007ff87e446000 	C:\Windows\SYSTEM32\dhcpcsvc6.DLL
0x00007ff87daf0000 - 0x00007ff87db0c000 	C:\Windows\SYSTEM32\dhcpcsvc.DLL

dbghelp: loaded successfully - version: 4.0.5 - missing functions: none
symbol engine: initialized successfully - sym options: 0x614 - pdb path: .;c:\Users\user\.vscode\extensions\redhat.java-1.11.0-win32-x64\jre\17.0.4.1-win32-x86_64\bin;C:\Windows\SYSTEM32;C:\Windows\WinSxS\amd64_microsoft.windows.common-controls_6595b64144ccf1df_6.0.17763.1_none_f040600eff408c2d;c:\Users\user\.vscode\extensions\redhat.java-1.11.0-win32-x64\jre\17.0.4.1-win32-x86_64\bin\server

VM Arguments:
jvm_args: -Dsts.lsp.client=vscode -Dsts.log.file=/dev/null -XX:TieredStopAtLevel=1 -Xlog:jni+resolve=off -Dspring.config.location=file:c:\Users\user\.vscode\extensions\pivotal.vscode-spring-boot-1.39.0\language-server\BOOT-INF\classes\application.properties 
java_command: org.springframework.ide.vscode.boot.app.BootLanguageServerBootApp
java_class_path (initial): c:\Users\user\.vscode\extensions\pivotal.vscode-spring-boot-1.39.0\language-server\BOOT-INF\classes;c:\Users\user\.vscode\extensions\pivotal.vscode-spring-boot-1.39.0\language-server\BOOT-INF\lib\annotations-23.0.0.jar;c:\Users\user\.vscode\extensions\pivotal.vscode-spring-boot-1.39.0\language-server\BOOT-INF\lib\antlr-runtime-3.5.2.jar;c:\Users\user\.vscode\extensions\pivotal.vscode-spring-boot-1.39.0\language-server\BOOT-INF\lib\antlr4-4.9.3.jar;c:\Users\user\.vscode\extensions\pivotal.vscode-spring-boot-1.39.0\language-server\BOOT-INF\lib\antlr4-runtime-4.9.3.jar;c:\Users\user\.vscode\extensions\pivotal.vscode-spring-boot-1.39.0\language-server\BOOT-INF\lib\asm-9.3.jar;c:\Users\user\.vscode\extensions\pivotal.vscode-spring-boot-1.39.0\language-server\BOOT-INF\lib\asm-analysis-9.3.jar;c:\Users\user\.vscode\extensions\pivotal.vscode-spring-boot-1.39.0\language-server\BOOT-INF\lib\asm-tree-9.3.jar;c:\Users\user\.vscode\extensions\pivotal.vscode-spring-boot-1.39.0\language-server\BOOT-INF\lib\asm-util-9.3.jar;c:\Users\user\.vscode\extensions\pivotal.vscode-spring-boot-1.39.0\language-server\BOOT-INF\lib\byte-buddy-1.12.13.jar;c:\Users\user\.vscode\extensions\pivotal.vscode-spring-boot-1.39.0\language-server\BOOT-INF\lib\caffeine-2.9.3.jar;c:\Users\user\.vscode\extensions\pivotal.vscode-spring-boot-1.39.0\language-server\BOOT-INF\lib\checker-qual-3.12.0.jar;c:\Users\user\.vscode\extensions\pivotal.vscode-spring-boot-1.39.0\language-server\BOOT-INF\lib\classgraph-4.8.149.jar;c:\Users\user\.vscode\extensions\pivotal.vscode-spring-boot-1.39.0\language-server\BOOT-INF\lib\commons-codec-1.15.jar;c:\Users\user\.vscode\extensions\pivotal.vscode-spring-boot-1.39.0\language-server\BOOT-INF\lib\commons-compress-1.21.jar;c:\Users\user\.vscode\extensions\pivotal.vscode-spring-boot-1.39.0\language-server\BOOT-INF\lib\commons-exec-1.3.jar;c:\Users\user\.vscode\extensions\pivotal.vscode-spring-boot-1.39.0\language-server\BOOT-INF\lib\commons-io-2.4.jar;c
Launcher Type: SUN_STANDARD

[Global flags]
     intx CICompilerCount                          = 4                                         {product} {ergonomic}
     uint ConcGCThreads                            = 2                                         {product} {ergonomic}
     uint G1ConcRefinementThreads                  = 8                                         {product} {ergonomic}
   size_t G1HeapRegionSize                         = 1048576                                   {product} {ergonomic}
    uintx GCDrainStackTargetSize                   = 64                                        {product} {ergonomic}
   size_t InitialHeapSize                          = 134217728                                 {product} {ergonomic}
   size_t MarkStackSize                            = 4194304                                   {product} {ergonomic}
   size_t MaxHeapSize                              = 2139095040                                {product} {ergonomic}
   size_t MaxNewSize                               = 1283457024                                {product} {ergonomic}
   size_t MinHeapDeltaBytes                        = 1048576                                   {product} {ergonomic}
   size_t MinHeapSize                              = 8388608                                   {product} {ergonomic}
    uintx NonProfiledCodeHeapSize                  = 0                                      {pd product} {ergonomic}
     bool ProfileInterpreter                       = false                                  {pd product} {command line}
    uintx ProfiledCodeHeapSize                     = 0                                      {pd product} {ergonomic}
   size_t SoftMaxHeapSize                          = 2139095040                             {manageable} {ergonomic}
     intx TieredStopAtLevel                        = 1                                         {product} {command line}
     bool UseCompressedClassPointers               = true                           {product lp64_product} {ergonomic}
     bool UseCompressedOops                        = true                           {product lp64_product} {ergonomic}
     bool UseG1GC                                  = true                                      {product} {ergonomic}
     bool UseLargePagesIndividualAllocation        = false                                  {pd product} {ergonomic}

Logging:
Log output configuration:
 #0: stdout all=warning,jni+resolve=off uptime,level,tags
 #1: stderr all=off uptime,level,tags

Environment Variables:
PATH=C:\Program Files\Common Files\Oracle\Java\javapath;C:\ProgramData\Oracle\Java\javapath;C:\Windows\system32;C:\Windows;C:\Windows\System32\Wbem;C:\Windows\System32\WindowsPowerShell\v1.0\;C:\Windows\System32\OpenSSH\;C:\Program Files (x86)\NVIDIA Corporation\PhysX\Common;C:\Program Files\NVIDIA Corporation\NVIDIA NvDLISR;C:\Program Files\MATLAB\MATLAB Production Server\R2015a\runtime\win64;C:\Program Files\MATLAB\MATLAB Production Server\R2015a\bin;C:\Program Files\MATLAB\MATLAB Production Server\R2015a\polyspace\bin;C:\Program Files\Cloudflare\Cloudflare WARP\;C:\Program Files\WireGuard\;C:\Program Files\Go\bin;C:\xampp\php;C:\ProgramData\ComposerSetup\bin;C:\Program Files\nodejs\;C:\Program Files\Git\cmd;C:\Users\user\AppData\Local\Microsoft\WindowsApps;;C:\Users\user\AppData\Local\Programs\Microsoft VS Code\bin;C:\Users\user\go\bin;C:\Users\user\AppData\Roaming\Composer\vendor\bin;C:\Users\user\AppData\Roaming\npm
USERNAME=user
OS=Windows_NT
PROCESSOR_IDENTIFIER=Intel64 Family 6 Model 58 Stepping 9, GenuineIntel
TMP=C:\Users\user\AppData\Local\Temp
TEMP=C:\Users\user\AppData\Local\Temp



---------------  S Y S T E M  ---------------

OS:
 Windows 10 , 64 bit Build 17763 (10.0.17763.1)
OS uptime: 29 days 21:03 hours

CPU: total 8 (initial active 8) (4 cores per cpu, 2 threads per core) family 6 model 58 stepping 9 microcode 0x1f, cx8, cmov, fxsr, ht, mmx, sse, sse2, sse3, ssse3, sse4.1, sse4.2, popcnt, tsc, tscinvbit, avx, aes, erms, clmul, vzeroupper, clflush

Memory: 4k page, system-wide physical 8157M (520M free)
TotalPageFile size 20951M (AvailPageFile size 18M)
current process WorkingSet (physical memory assigned to process): 66M, peak: 827M
current process commit charge ("private bytes"): 295M, peak: 855M

vm_info: OpenJDK 64-Bit Server VM (17.0.4.1+1) for windows-amd64 JRE (17.0.4.1+1), built on Aug 17 2022 07:42:43 by "temurin" with MS VC++ 16.7 (VS2019)

END.
